<?xml version="1.0" encoding="UTF-8"?>
<coverage generated="1764556853214" clover="3.2.0">
  <project timestamp="1764556853214" name="All files">
    <metrics statements="17" coveredstatements="17" conditionals="18" coveredconditionals="18" methods="3" coveredmethods="3" elements="38" coveredelements="38" complexity="0" loc="17" ncloc="17" packages="1" files="1" classes="1"/>
    <file name="PriceCalculator.js" path="C:\Users\janse\Documents\beverage-hub\src\services\PriceCalculator.js">
      <metrics statements="17" coveredstatements="17" conditionals="18" coveredconditionals="18" methods="3" coveredmethods="3"/>
      <line num="12" count="8" type="cond" truecount="2" falsecount="0"/>
      <line num="13" count="1" type="stmt"/>
      <line num="16" count="7" type="cond" truecount="4" falsecount="0"/>
      <line num="17" count="2" type="stmt"/>
      <line num="20" count="5" type="stmt"/>
      <line num="21" count="5" type="stmt"/>
      <line num="31" count="6" type="cond" truecount="2" falsecount="0"/>
      <line num="32" count="1" type="stmt"/>
      <line num="35" count="5" type="cond" truecount="2" falsecount="0"/>
      <line num="36" count="3" type="stmt"/>
      <line num="39" count="2" type="stmt"/>
      <line num="49" count="7" type="cond" truecount="2" falsecount="0"/>
      <line num="50" count="1" type="stmt"/>
      <line num="53" count="6" type="cond" truecount="4" falsecount="0"/>
      <line num="54" count="2" type="stmt"/>
      <line num="57" count="4" type="stmt"/>
      <line num="61" count="1" type="stmt"/>
    </file>
  </project>
</coverage>
