TN:
SF:src\services\PriceCalculator.js
FN:11,(anonymous_0)
FN:30,(anonymous_1)
FN:48,(anonymous_2)
FNF:3
FNH:3
FNDA:8,(anonymous_0)
FNDA:6,(anonymous_1)
FNDA:7,(anonymous_2)
DA:12,8
DA:13,1
DA:16,7
DA:17,2
DA:20,5
DA:21,5
DA:31,6
DA:32,1
DA:35,5
DA:36,3
DA:39,2
DA:49,7
DA:50,1
DA:53,6
DA:54,2
DA:57,4
DA:61,1
LF:17
LH:17
BRDA:12,0,0,1
BRDA:12,0,1,7
BRDA:16,1,0,2
BRDA:16,1,1,5
BRDA:16,2,0,7
BRDA:16,2,1,6
BRDA:30,3,0,5
BRDA:31,4,0,1
BRDA:31,4,1,5
BRDA:35,5,0,3
BRDA:35,5,1,2
BRDA:48,6,0,2
BRDA:49,7,0,1
BRDA:49,7,1,6
BRDA:53,8,0,2
BRDA:53,8,1,4
BRDA:53,9,0,6
BRDA:53,9,1,5
BRF:18
BRH:18
end_of_record
